make  check-TESTS
make[1] : on entre dans le répertoire « /home/parisse/giac-1.9.0/check »
make[2] : on entre dans le répertoire « /home/parisse/giac-1.9.0/check »
PASS: chk_integrate
PASS: chk_factor
PASS: chk_normalize
PASS: chk_partfrac
PASS: chk_limit
PASS: chk_cas
PASS: chk_geo
PASS: chk_morley_demo
PASS: chk_xavier
PASS: chk_fhan1
PASS: chk_fhan2
PASS: chk_fhan3
PASS: chk_fhan4
PASS: chk_fhan5
PASS: chk_fhan6
PASS: chk_fhan8
PASS: chk_fhan0
FAIL: chk_fhan11
PASS: chk_fhan12
PASS: chk_fhan13
PASS: chk_fhan14
PASS: chk_fhan15
PASS: chk_fhan16
PASS: chk_fhan17
PASS: chk_fhan19
PASS: chk_fhan20
PASS: chk_fhan21
PASS: chk_fhan9
PASS: chk_fhan18
PASS: chk_fhan7
============================================================================
Testsuite summary for giac 1.9.0
============================================================================
# TOTAL: 30
# PASS:  29
# SKIP:  0
# XFAIL: 0
# FAIL:  1
# XPASS: 0
# ERROR: 0
============================================================================
See check/test-suite.log
============================================================================
make[2]: *** [Makefile:622: test-suite.log] Error 1
make[2] : on quitte le répertoire « /home/parisse/giac-1.9.0/check »
make[1]: *** [Makefile:730: check-TESTS] Error 2
make[1] : on quitte le répertoire « /home/parisse/giac-1.9.0/check »
make: *** [Makefile:1006: check-am] Error 2
